# JRE version: OpenJDK Runtime Environment AdoptOpenJDK (14.0.2+12) (build 14.0.2+12)
# Java VM: OpenJDK 64-Bit Server VM AdoptOpenJDK (14.0.2+12, mixed mode, sharing, tiered, compressed oops, g1 gc, bsd-amd64)
Heap:
 garbage-first heap   total 68608K, used 32327K [0x0000000780000000, 0x0000000800000000)
  region size 1024K, 15 young (15360K), 1 survivors (1024K)
 Metaspace       used 27131K, capacity 27758K, committed 27952K, reserved 1073152K
  class space    used 3343K, capacity 3624K, committed 3712K, reserved 1048576K
GC Heap History (12 events):
Event: 0.844 GC heap before
{Heap before GC invocations=0 (full 0):
 garbage-first heap   total 133120K, used 24376K [0x0000000780000000, 0x0000000800000000)
  region size 1024K, 23 young (23552K), 0 survivors (0K)
 Metaspace       used 8059K, capacity 10538K, committed 10624K, reserved 1058816K
  class space    used 877K, capacity 1138K, committed 1152K, reserved 1048576K
}
Event: 0.850 GC heap after
{Heap after GC invocations=1 (full 0):
 garbage-first heap   total 133120K, used 4769K [0x0000000780000000, 0x0000000800000000)
  region size 1024K, 3 young (3072K), 3 survivors (3072K)
 Metaspace       used 8059K, capacity 10538K, committed 10624K, reserved 1058816K
  class space    used 877K, capacity 1138K, committed 1152K, reserved 1048576K
}
Event: 1.970 GC heap before
{Heap before GC invocations=1 (full 0):
 garbage-first heap   total 133120K, used 44705K [0x0000000780000000, 0x0000000800000000)
  region size 1024K, 41 young (41984K), 3 survivors (3072K)
 Metaspace       used 16174K, capacity 17593K, committed 17792K, reserved 1064960K
  class space    used 2137K, capacity 2353K, committed 2432K, reserved 1048576K
}
Event: 1.981 GC heap after
{Heap after GC invocations=2 (full 0):
 garbage-first heap   total 133120K, used 9175K [0x0000000780000000, 0x0000000800000000)
  region size 1024K, 6 young (6144K), 6 survivors (6144K)
 Metaspace       used 16174K, capacity 17593K, committed 17792K, reserved 1064960K
  class space    used 2137K, capacity 2353K, committed 2432K, reserved 1048576K
}
Event: 2.498 GC heap before
{Heap before GC invocations=2 (full 0):
 garbage-first heap   total 133120K, used 28631K [0x0000000780000000, 0x0000000800000000)
  region size 1024K, 22 young (22528K), 6 survivors (6144K)
 Metaspace       used 20643K, capacity 21143K, committed 21296K, reserved 1067008K
  class space    used 2689K, capacity 2898K, committed 2944K, reserved 1048576K
}
Event: 2.511 GC heap after
{Heap after GC invocations=3 (full 0):
 garbage-first heap   total 133120K, used 16740K [0x0000000780000000, 0x0000000800000000)
  region size 1024K, 6 young (6144K), 6 survivors (6144K)
 Metaspace       used 20643K, capacity 21143K, committed 21296K, reserved 1067008K
  class space    used 2689K, capacity 2898K, committed 2944K, reserved 1048576K
}
Event: 14.716 GC heap before
{Heap before GC invocations=4 (full 0):
 garbage-first heap   total 68608K, used 54628K [0x0000000780000000, 0x0000000800000000)
  region size 1024K, 40 young (40960K), 6 survivors (6144K)
 Metaspace       used 26445K, capacity 27086K, committed 27312K, reserved 1073152K
  class space    used 3296K, capacity 3553K, committed 3584K, reserved 1048576K
}
Event: 14.728 GC heap after
{Heap after GC invocations=5 (full 0):
 garbage-first heap   total 68608K, used 20092K [0x0000000780000000, 0x0000000800000000)
  region size 1024K, 5 young (5120K), 5 survivors (5120K)
 Metaspace       used 26445K, capacity 27086K, committed 27312K, reserved 1073152K
  class space    used 3296K, capacity 3553K, committed 3584K, reserved 1048576K
}
Event: 53.152 GC heap before
{Heap before GC invocations=5 (full 0):
 garbage-first heap   total 68608K, used 47740K [0x0000000780000000, 0x0000000800000000)
  region size 1024K, 32 young (32768K), 5 survivors (5120K)
 Metaspace       used 26648K, capacity 27282K, committed 27568K, reserved 1073152K
  class space    used 3297K, capacity 3554K, committed 3584K, reserved 1048576K
}
Event: 53.166 GC heap after
{Heap after GC invocations=6 (full 0):
 garbage-first heap   total 68608K, used 20601K [0x0000000780000000, 0x0000000800000000)
  region size 1024K, 1 young (1024K), 1 survivors (1024K)
 Metaspace       used 26648K, capacity 27282K, committed 27568K, reserved 1073152K
  class space    used 3297K, capacity 3554K, committed 3584K, reserved 1048576K
}
Event: 106.784 GC heap before
{Heap before GC invocations=6 (full 0):
 garbage-first heap   total 68608K, used 50297K [0x0000000780000000, 0x0000000800000000)
  region size 1024K, 30 young (30720K), 1 survivors (1024K)
 Metaspace       used 26731K, capacity 27349K, committed 27568K, reserved 1073152K
  class space    used 3298K, capacity 3554K, committed 3584K, reserved 1048576K
}
Event: 106.787 GC heap after
{Heap after GC invocations=7 (full 0):
 garbage-first heap   total 68608K, used 20039K [0x0000000780000000, 0x0000000800000000)
  region size 1024K, 1 young (1024K), 1 survivors (1024K)
 Metaspace       used 26731K, capacity 27349K, committed 27568K, reserved 1073152K
  class space    used 3298K, capacity 3554K, committed 3584K, reserved 1048576K
}

